2013-09-11 18:22:42.412 MobileEmbeddedDemos[57481:c07] Multi-tasking -> Device: YES, App: YES
2013-09-11 18:22:42.557 MobileEmbeddedDemos[57481:c07] Resetting plugins due to page load.
2013-09-11 18:22:42.690 MobileEmbeddedDemos[57481:c07] Finished load of: file:///Users/gina/Library/Application%20Support/iPhone%20Simulator/6.1/Applications/D07A3C40-5E3A-4354-BA71-31B4294E2723/MobileEmbeddedDemos.app/www/index.html
2013-09-11 18:23:04.080 MobileEmbeddedDemos[57481:c07] Resetting plugins due to page load.
2013-09-11 18:23:04.174 MobileEmbeddedDemos[57481:c07] Finished load of: file:///Users/gina/Library/Application%20Support/iPhone%20Simulator/6.1/Applications/D07A3C40-5E3A-4354-BA71-31B4294E2723/MobileEmbeddedDemos.app/www/spec.html
2013-09-11 18:24:01.791 MobileEmbeddedDemos[57683:c07] Multi-tasking -> Device: YES, App: YES
2013-09-11 18:24:01.836 MobileEmbeddedDemos[57683:c07] Resetting plugins due to page load.
2013-09-11 18:24:01.882 MobileEmbeddedDemos[57683:c07] Finished load of: file:///Users/gina/Library/Application%20Support/iPhone%20Simulator/6.1/Applications/D07A3C40-5E3A-4354-BA71-31B4294E2723/MobileEmbeddedDemos.app/www/index.html
2013-09-11 20:00:13.258 MobileEmbeddedDemos[59832:c07] Multi-tasking -> Device: YES, App: YES
2013-09-11 20:00:14.159 MobileEmbeddedDemos[59832:c07] Resetting plugins due to page load.
2013-09-11 20:00:14.764 MobileEmbeddedDemos[59832:c07] Finished load of: file:///Users/gina/Library/Application%20Support/iPhone%20Simulator/6.1/Applications/D07A3C40-5E3A-4354-BA71-31B4294E2723/MobileEmbeddedDemos.app/www/index.html
2013-09-11 20:02:37.301 MobileEmbeddedDemos[72674:c07] Multi-tasking -> Device: YES, App: YES
2013-09-11 20:02:37.349 MobileEmbeddedDemos[72674:c07] Resetting plugins due to page load.
2013-09-11 20:02:37.382 MobileEmbeddedDemos[72674:c07] Finished load of: file:///Users/gina/Library/Application%20Support/iPhone%20Simulator/6.1/Applications/D07A3C40-5E3A-4354-BA71-31B4294E2723/MobileEmbeddedDemos.app/www/index.html
2013-09-11 20:02:50.516 MobileEmbeddedDemos[72674:c07] Resetting plugins due to page load.
2013-09-11 20:02:50.589 MobileEmbeddedDemos[72674:c07] Finished load of: file:///Users/gina/Library/Application%20Support/iPhone%20Simulator/6.1/Applications/D07A3C40-5E3A-4354-BA71-31B4294E2723/MobileEmbeddedDemos.app/www/release.html
2013-09-11 20:07:02.441 MobileEmbeddedDemos[72674:c07] Received memory warning.
Terminating in response to SpringBoard's termination.
2013-09-11 20:09:00.397 MobileEmbeddedDemos[85538:c07] Multi-tasking -> Device: YES, App: YES
2013-09-11 20:09:00.452 MobileEmbeddedDemos[85538:c07] Resetting plugins due to page load.
2013-09-11 20:09:00.491 MobileEmbeddedDemos[85538:c07] Finished load of: file:///Users/gina/Library/Application%20Support/iPhone%20Simulator/6.1/Applications/D07A3C40-5E3A-4354-BA71-31B4294E2723/MobileEmbeddedDemos.app/www/index.html
2013-09-11 20:09:06.038 MobileEmbeddedDemos[85538:c07] Resetting plugins due to page load.
2013-09-11 20:09:06.048 MobileEmbeddedDemos[85538:c07] Finished load of: file:///Users/gina/Library/Application%20Support/iPhone%20Simulator/6.1/Applications/D07A3C40-5E3A-4354-BA71-31B4294E2723/MobileEmbeddedDemos.app/www/node_modules/popcorn/index.html
Terminating in response to SpringBoard's termination.
2013-09-12 13:40:12.700 MobileEmbeddedDemos[8385:c07] Multi-tasking -> Device: YES, App: YES
2013-09-12 13:40:14.728 MobileEmbeddedDemos[8385:c07] Resetting plugins due to page load.
2013-09-12 13:40:15.187 MobileEmbeddedDemos[8385:c07] Finished load of: file:///Users/gina/Library/Application%20Support/iPhone%20Simulator/6.1/Applications/D07A3C40-5E3A-4354-BA71-31B4294E2723/MobileEmbeddedDemos.app/www/index.html
Terminating in response to SpringBoard's termination.
